Lab Assignment 8/Source/Google Card Board VR App/gvr-android-sdk/samples/sdk-controllerclient/build/outputs/logs/manifest-merger-debug-report.txt
-- Merging decision tree log ---
manifest
ADDED from src\main\AndroidManifest.xml:2:1-20:12
	package
		ADDED from src\main\AndroidManifest.xml:3:3-55
	android:versionName
		ADDED from src\main\AndroidManifest.xml:5:3-31
		INJECTED from src\main\AndroidManifest.xml
		INJECTED from src\main\AndroidManifest.xml
	android:versionCode
		ADDED from src\main\AndroidManifest.xml:4:3-34
		INJECTED from src\main\AndroidManifest.xml
		INJECTED from src\main\AndroidManifest.xml
	xmlns:android
		ADDED from src\main\AndroidManifest.xml:2:11-69
uses-sdk
ADDED from src\main\AndroidManifest.xml:6:3-72
MERGED from [com.google.vr:sdk-controller:1.20.0] AndroidManifest.xml:3:5-73
MERGED from [com.google.vr:sdk-base:1.20.0] AndroidManifest.xml:5:5-73
MERGED from [com.google.vr:sdk-common:1.20.0] AndroidManifest.xml:3:5-73
	android:targetSdkVersion
		ADDED from src\main\AndroidManifest.xml:6:40-69
		INJECTED from src\main\AndroidManifest.xml
		INJECTED from src\main\AndroidManifest.xml
	android:minSdkVersion
		ADDED from src\main\AndroidManifest.xml:6:13-39
		INJECTED from src\main\AndroidManifest.xml
		INJECTED from src\main\AndroidManifest.xml
application
ADDED from src\main\AndroidManifest.xml:8:3-19:17
	android:label
		ADDED from src\main\AndroidManifest.xml:9:5-45
	android:theme
		ADDED from src\main\AndroidManifest.xml:10:5-52
activity#com.google.vr.sdk.samples.controllerclient.ControllerClientActivity
ADDED from src\main\AndroidManifest.xml:11:5-18:16
	android:screenOrientation
		ADDED from src\main\AndroidManifest.xml:13:7-43
	android:name
		ADDED from src\main\AndroidManifest.xml:12:7-47
intent-filter#android.intent.action.MAIN+android.intent.category.LAUNCHER
ADDED from src\main\AndroidManifest.xml:14:7-17:23
action#android.intent.action.MAIN
ADDED from src\main\AndroidManifest.xml:15:9-60
	android:name
		ADDED from src\main\AndroidManifest.xml:15:17-58
category#android.intent.category.LAUNCHER
ADDED from src\main\AndroidManifest.xml:16:9-68
	android:name
		ADDED from src\main\AndroidManifest.xml:16:19-66
uses-feature#0x00020000
ADDED from [com.google.vr:sdk-base:1.20.0] AndroidManifest.xml:6:5-77
	android:glEsVersion
		ADDED from [com.google.vr:sdk-base:1.20.0] AndroidManifest.xml:6:19-51
	android:required
		ADDED from [com.google.vr:sdk-base:1.20.0] AndroidManifest.xml:6:52-75
uses-permission#android.permission.READ_EXTERNAL_STORAGE
ADDED from [com.google.vr:sdk-base:1.20.0] AndroidManifest.xml:9:5-79
	android:name
		ADDED from [com.google.vr:sdk-base:1.20.0] AndroidManifest.xml:9:22-77
uses-permission#android.permission.WRITE_EXTERNAL_STORAGE
ADDED from [com.google.vr:sdk-base:1.20.0] AndroidManifest.xml:10:5-80
	android:name
		ADDED from [com.google.vr:sdk-base:1.20.0] AndroidManifest.xml:10:22-78
uses-feature#android.software.vr.mode
ADDED from [com.google.vr:sdk-base:1.20.0] AndroidManifest.xml:13:5-85
	android:required
		ADDED from [com.google.vr:sdk-base:1.20.0] AndroidManifest.xml:13:59-83
	android:name
		ADDED from [com.google.vr:sdk-base:1.20.0] AndroidManifest.xml:13:19-58
uses-feature#android.hardware.vr.high_performance
ADDED from [com.google.vr:sdk-base:1.20.0] AndroidManifest.xml:15:5-97
	android:required
		ADDED from [com.google.vr:sdk-base:1.20.0] AndroidManifest.xml:15:71-95
	android:name
		ADDED from [com.google.vr:sdk-base:1.20.0] AndroidManifest.xml:15:19-70
android:uses-permission#android.permission.READ_EXTERNAL_STORAGE
IMPLIED from src\main\AndroidManifest.xml:2:1-20:12 reason: com.google.vr.sdk.base requested WRITE_EXTERNAL_STORAGE